<?xml version="1.0" encoding="UTF-8"?>
<!-- Generated by org.testng.reporters.JUnitReportReporter -->
<testsuite hostname="WINDOWS-VOIO2HT" failures="0" tests="1" name="test.FrameworkTest" time="35.075" errors="0" timestamp="2023-03-29T14:54:44 KGT" skipped="0">
  <testcase classname="test.FrameworkTest" name="fullFrameworkTest" time="35.075"/>
  <system-out/>
</testsuite> <!-- test.FrameworkTest -->
