<?xml version="1.0" encoding="UTF-8"?>
<!-- Generated by org.testng.reporters.JUnitReportReporter -->
<testsuite hostname="WINDOWS-VOIO2HT" failures="0" tests="3" name="test.UserAccessTest" time="28.549" errors="0" timestamp="2023-03-23T16:20:13 KGT" skipped="0">
  <testcase classname="test.UserAccessTest" name="oneCanLoginProtoMail" time="15.946"/>
  <system-out/>
  <testcase classname="test.UserAccessTest" name="inCorrectCredentialLogin" time="6.418"/>
  <system-out/>
  <testcase classname="test.UserAccessTest" name="emptyCredentialLogin" time="6.185"/>
  <system-out/>
</testsuite> <!-- test.UserAccessTest -->
