<?xml version="1.0" encoding="UTF-8"?>
<!-- Generated by org.testng.reporters.JUnitReportReporter -->
<testsuite hostname="WINDOWS-VOIO2HT" failures="0" tests="1" name="test.FrameworkTest" time="62.699" errors="0" timestamp="2023-03-29T11:48:21 KGT" skipped="0">
  <testcase classname="test.FrameworkTest" name="FullFrameworkTest" time="62.699"/>
  <system-out/>
</testsuite> <!-- test.FrameworkTest -->
