<?xml version="1.0" encoding="UTF-8"?>
<!-- Generated by org.testng.reporters.JUnitReportReporter -->
<testsuite hostname="WINDOWS-VOIO2HT" failures="0" tests="1" name="test.FrameworkTest" time="57.409" errors="0" timestamp="2023-03-23T16:34:31 KGT" skipped="0">
  <testcase classname="test.FrameworkTest" name="FullFrameworkTest" time="57.409"/>
  <system-out/>
</testsuite> <!-- test.FrameworkTest -->
