<?xml version="1.0" encoding="UTF-8"?>
<!-- Generated by org.testng.reporters.JUnitReportReporter -->
<testsuite hostname="WINDOWS-VOIO2HT" failures="0" tests="1" name="test.CalculatorPageSmokeTest" time="29.271" errors="0" timestamp="2023-04-03T16:19:57 KGT" skipped="0">
  <testcase classname="test.CalculatorPageSmokeTest" name="smokeTestCalculatorPage" time="29.271"/>
  <system-out/>
</testsuite> <!-- test.CalculatorPageSmokeTest -->
