<?xml version="1.0" encoding="UTF-8"?>
<!-- Generated by org.testng.reporters.JUnitReportReporter -->
<testsuite hostname="WINDOWS-VOIO2HT" failures="0" tests="1" name="test.FrameworkTest" time="49.706" errors="0" timestamp="2023-03-23T16:43:57 KGT" skipped="0">
  <testcase classname="test.FrameworkTest" name="FullFrameworkTest" time="49.706"/>
  <system-out/>
</testsuite> <!-- test.FrameworkTest -->
