<?xml version="1.0" encoding="UTF-8"?>
<!-- Generated by org.testng.reporters.JUnitReportReporter -->
<testsuite hostname="WINDOWS-VOIO2HT" failures="0" tests="1" name="test.TestCalculatorPage" time="27.436" errors="0" timestamp="2023-03-16T14:12:26 KGT" skipped="0">
  <testcase classname="test.TestCalculatorPage" name="smokeTestCalculatorPage" time="27.436"/>
  <system-out/>
</testsuite> <!-- test.TestCalculatorPage -->
